<?xml version="1.0" encoding="UTF-8"?>
<robot generator="Robot 7.4.2 (Python 3.14.0 on win32)" generated="2026-03-23T20:59:42.252894" rpa="false" schemaversion="5">
<suite id="s1" name="Ejemplo" source="D:\Escuela\Pruebas de software\Practica1_Pruebas Automatizadas_RasconJuan\ejemplo.robot">
<test id="s1-t1" name="TC_001_Login_Valido" line="11">
<kw name="Open Browser" owner="SeleniumLibrary">
<msg time="2026-03-23T20:59:42.505682" level="INFO">Opening browser 'chrome' to base url 'https://www.saucedemo.com/'.</msg>
<arg>${URL}</arg>
<arg>${BROWSER}</arg>
<doc>Opens a new browser instance to the optional ``url``.</doc>
<status status="PASS" start="2026-03-23T20:59:42.505008" elapsed="4.735560"/>
</kw>
<kw name="Input Text" owner="SeleniumLibrary">
<msg time="2026-03-23T20:59:47.241531" level="INFO">Typing text 'standard_user' into text field 'id=user-name'.</msg>
<arg>id=user-name</arg>
<arg>${USER}</arg>
<doc>Types the given ``text`` into the text field identified by ``locator``.</doc>
<status status="PASS" start="2026-03-23T20:59:47.241045" elapsed="0.104284"/>
</kw>
<kw name="Input Password" owner="SeleniumLibrary">
<msg time="2026-03-23T20:59:47.346052" level="INFO">Typing password into text field 'id=password'.</msg>
<msg time="2026-03-23T20:59:47.378784" level="INFO">Temporally setting log level to: NONE</msg>
<arg>id=password</arg>
<arg>${PASSWORD}</arg>
<doc>Types the given password into the text field identified by ``locator``.</doc>
<status status="PASS" start="2026-03-23T20:59:47.345719" elapsed="0.074159"/>
</kw>
<kw name="Click Button" owner="SeleniumLibrary">
<msg time="2026-03-23T20:59:47.420500" level="INFO">Clicking button 'id=login-button'.</msg>
<arg>id=login-button</arg>
<doc>Clicks the button identified by ``locator``.</doc>
<status status="PASS" start="2026-03-23T20:59:47.420270" elapsed="0.090606"/>
</kw>
<kw name="Page Should Contain" owner="SeleniumLibrary">
<msg time="2026-03-23T20:59:47.522837" level="INFO">Current page contains text 'Products'.</msg>
<arg>Products</arg>
<doc>Verifies that current page contains ``text``.</doc>
<status status="PASS" start="2026-03-23T20:59:47.511231" elapsed="0.011741"/>
</kw>
<kw name="Close Browser" owner="SeleniumLibrary">
<doc>Closes the current browser.</doc>
<status status="PASS" start="2026-03-23T20:59:47.523364" elapsed="2.162099"/>
</kw>
<status status="PASS" start="2026-03-23T20:59:42.503984" elapsed="7.181894"/>
</test>
<test id="s1-t2" name="TC_002_Login_Sin_Datos" line="19">
<kw name="Open Browser" owner="SeleniumLibrary">
<msg time="2026-03-23T20:59:49.687206" level="INFO">Opening browser 'chrome' to base url 'https://www.saucedemo.com/'.</msg>
<arg>${URL}</arg>
<arg>${BROWSER}</arg>
<doc>Opens a new browser instance to the optional ``url``.</doc>
<status status="PASS" start="2026-03-23T20:59:49.686965" elapsed="2.174928"/>
</kw>
<kw name="Click Button" owner="SeleniumLibrary">
<msg time="2026-03-23T20:59:51.862628" level="INFO">Clicking button 'id=login-button'.</msg>
<arg>id=login-button</arg>
<doc>Clicks the button identified by ``locator``.</doc>
<status status="PASS" start="2026-03-23T20:59:51.862322" elapsed="0.124876"/>
</kw>
<kw name="Page Should Contain" owner="SeleniumLibrary">
<msg time="2026-03-23T20:59:51.998276" level="INFO">Current page contains text 'Epic sadface'.</msg>
<arg>Epic sadface</arg>
<doc>Verifies that current page contains ``text``.</doc>
<status status="PASS" start="2026-03-23T20:59:51.987669" elapsed="0.010700"/>
</kw>
<kw name="Close Browser" owner="SeleniumLibrary">
<doc>Closes the current browser.</doc>
<status status="PASS" start="2026-03-23T20:59:51.998711" elapsed="2.145459"/>
</kw>
<status status="PASS" start="2026-03-23T20:59:49.686477" elapsed="4.458016"/>
</test>
<test id="s1-t3" name="TC_003_Login_Solo_Usuario" line="25">
<kw name="Open Browser" owner="SeleniumLibrary">
<msg time="2026-03-23T20:59:54.145681" level="INFO">Opening browser 'chrome' to base url 'https://www.saucedemo.com/'.</msg>
<arg>${URL}</arg>
<arg>${BROWSER}</arg>
<doc>Opens a new browser instance to the optional ``url``.</doc>
<status status="PASS" start="2026-03-23T20:59:54.145467" elapsed="2.201587"/>
</kw>
<kw name="Input Text" owner="SeleniumLibrary">
<msg time="2026-03-23T20:59:56.347839" level="INFO">Typing text 'standard_user' into text field 'id=user-name'.</msg>
<arg>id=user-name</arg>
<arg>${USER}</arg>
<doc>Types the given ``text`` into the text field identified by ``locator``.</doc>
<status status="PASS" start="2026-03-23T20:59:56.347511" elapsed="0.100566"/>
</kw>
<kw name="Click Button" owner="SeleniumLibrary">
<msg time="2026-03-23T20:59:56.448849" level="INFO">Clicking button 'id=login-button'.</msg>
<arg>id=login-button</arg>
<doc>Clicks the button identified by ``locator``.</doc>
<status status="PASS" start="2026-03-23T20:59:56.448582" elapsed="0.069473"/>
</kw>
<kw name="Page Should Contain" owner="SeleniumLibrary">
<msg time="2026-03-23T20:59:56.533372" level="INFO">Current page contains text 'Epic sadface'.</msg>
<arg>Epic sadface</arg>
<doc>Verifies that current page contains ``text``.</doc>
<status status="PASS" start="2026-03-23T20:59:56.518530" elapsed="0.014965"/>
</kw>
<kw name="Close Browser" owner="SeleniumLibrary">
<doc>Closes the current browser.</doc>
<status status="PASS" start="2026-03-23T20:59:56.533809" elapsed="2.160320"/>
</kw>
<status status="PASS" start="2026-03-23T20:59:54.145091" elapsed="4.549312"/>
</test>
<test id="s1-t4" name="TC_004_Login_Solo_Password" line="32">
<kw name="Open Browser" owner="SeleniumLibrary">
<msg time="2026-03-23T20:59:58.695457" level="INFO">Opening browser 'chrome' to base url 'https://www.saucedemo.com/'.</msg>
<arg>${URL}</arg>
<arg>${BROWSER}</arg>
<doc>Opens a new browser instance to the optional ``url``.</doc>
<status status="PASS" start="2026-03-23T20:59:58.695245" elapsed="2.208827"/>
</kw>
<kw name="Input Password" owner="SeleniumLibrary">
<msg time="2026-03-23T21:00:00.904862" level="INFO">Typing password into text field 'id=password'.</msg>
<msg time="2026-03-23T21:00:00.945301" level="INFO">Temporally setting log level to: NONE</msg>
<arg>id=password</arg>
<arg>${PASSWORD}</arg>
<doc>Types the given password into the text field identified by ``locator``.</doc>
<status status="PASS" start="2026-03-23T21:00:00.904546" elapsed="0.092624"/>
</kw>
<kw name="Click Button" owner="SeleniumLibrary">
<msg time="2026-03-23T21:00:00.997839" level="INFO">Clicking button 'id=login-button'.</msg>
<arg>id=login-button</arg>
<doc>Clicks the button identified by ``locator``.</doc>
<status status="PASS" start="2026-03-23T21:00:00.997573" elapsed="0.071944"/>
</kw>
<kw name="Page Should Contain" owner="SeleniumLibrary">
<msg time="2026-03-23T21:00:01.083619" level="INFO">Current page contains text 'Epic sadface'.</msg>
<arg>Epic sadface</arg>
<doc>Verifies that current page contains ``text``.</doc>
<status status="PASS" start="2026-03-23T21:00:01.069947" elapsed="0.013933"/>
</kw>
<kw name="Close Browser" owner="SeleniumLibrary">
<doc>Closes the current browser.</doc>
<status status="PASS" start="2026-03-23T21:00:01.084374" elapsed="2.171947"/>
</kw>
<status status="PASS" start="2026-03-23T20:59:58.694886" elapsed="4.561794"/>
</test>
<test id="s1-t5" name="TC_005_Ver_Titulo_Pagina" line="39">
<kw name="Open Browser" owner="SeleniumLibrary">
<msg time="2026-03-23T21:00:03.257801" level="INFO">Opening browser 'chrome' to base url 'https://www.saucedemo.com/'.</msg>
<arg>${URL}</arg>
<arg>${BROWSER}</arg>
<doc>Opens a new browser instance to the optional ``url``.</doc>
<status status="PASS" start="2026-03-23T21:00:03.257577" elapsed="2.192710"/>
</kw>
<kw name="Title Should Be" owner="SeleniumLibrary">
<msg time="2026-03-23T21:00:05.456835" level="INFO">Page title is 'Swag Labs'.</msg>
<arg>Swag Labs</arg>
<doc>Verifies that the current page title equals ``title``.</doc>
<status status="PASS" start="2026-03-23T21:00:05.450800" elapsed="0.006174"/>
</kw>
<kw name="Close Browser" owner="SeleniumLibrary">
<doc>Closes the current browser.</doc>
<status status="PASS" start="2026-03-23T21:00:05.457598" elapsed="2.158660"/>
</kw>
<status status="PASS" start="2026-03-23T21:00:03.257217" elapsed="4.359368"/>
</test>
<test id="s1-t6" name="TC_006_Ver_Campos_Login" line="44">
<kw name="Open Browser" owner="SeleniumLibrary">
<msg time="2026-03-23T21:00:07.617588" level="INFO">Opening browser 'chrome' to base url 'https://www.saucedemo.com/'.</msg>
<arg>${URL}</arg>
<arg>${BROWSER}</arg>
<doc>Opens a new browser instance to the optional ``url``.</doc>
<status status="PASS" start="2026-03-23T21:00:07.617386" elapsed="2.184003"/>
</kw>
<kw name="Page Should Contain Element" owner="SeleniumLibrary">
<msg time="2026-03-23T21:00:09.811047" level="INFO">Current page contains element 'id=user-name'.</msg>
<arg>id=user-name</arg>
<doc>Verifies that element ``locator`` is found on the current page.</doc>
<status status="PASS" start="2026-03-23T21:00:09.801720" elapsed="0.009428"/>
</kw>
<kw name="Page Should Contain Element" owner="SeleniumLibrary">
<msg time="2026-03-23T21:00:09.820694" level="INFO">Current page contains element 'id=password'.</msg>
<arg>id=password</arg>
<doc>Verifies that element ``locator`` is found on the current page.</doc>
<status status="PASS" start="2026-03-23T21:00:09.811626" elapsed="0.009196"/>
</kw>
<kw name="Close Browser" owner="SeleniumLibrary">
<doc>Closes the current browser.</doc>
<status status="PASS" start="2026-03-23T21:00:09.821255" elapsed="2.145330"/>
</kw>
<status status="PASS" start="2026-03-23T21:00:07.617051" elapsed="4.349881"/>
</test>
<test id="s1-t7" name="TC_007_Ver_Boton_Login" line="50">
<kw name="Open Browser" owner="SeleniumLibrary">
<msg time="2026-03-23T21:00:11.967867" level="INFO">Opening browser 'chrome' to base url 'https://www.saucedemo.com/'.</msg>
<arg>${URL}</arg>
<arg>${BROWSER}</arg>
<doc>Opens a new browser instance to the optional ``url``.</doc>
<status status="PASS" start="2026-03-23T21:00:11.967663" elapsed="2.156297"/>
</kw>
<kw name="Page Should Contain Element" owner="SeleniumLibrary">
<msg time="2026-03-23T21:00:14.134463" level="INFO">Current page contains element 'id=login-button'.</msg>
<arg>id=login-button</arg>
<doc>Verifies that element ``locator`` is found on the current page.</doc>
<status status="PASS" start="2026-03-23T21:00:14.124422" elapsed="0.010172"/>
</kw>
<kw name="Close Browser" owner="SeleniumLibrary">
<doc>Closes the current browser.</doc>
<status status="PASS" start="2026-03-23T21:00:14.134989" elapsed="2.141267"/>
</kw>
<status status="PASS" start="2026-03-23T21:00:11.967343" elapsed="4.309267"/>
</test>
<test id="s1-t8" name="TC_008_Ver_Productos_Despues_Login" line="55">
<kw name="Open Browser" owner="SeleniumLibrary">
<msg time="2026-03-23T21:00:16.277653" level="INFO">Opening browser 'chrome' to base url 'https://www.saucedemo.com/'.</msg>
<arg>${URL}</arg>
<arg>${BROWSER}</arg>
<doc>Opens a new browser instance to the optional ``url``.</doc>
<status status="PASS" start="2026-03-23T21:00:16.277433" elapsed="2.177487"/>
</kw>
<kw name="Input Text" owner="SeleniumLibrary">
<msg time="2026-03-23T21:00:18.455445" level="INFO">Typing text 'standard_user' into text field 'id=user-name'.</msg>
<arg>id=user-name</arg>
<arg>${USER}</arg>
<doc>Types the given ``text`` into the text field identified by ``locator``.</doc>
<status status="PASS" start="2026-03-23T21:00:18.455215" elapsed="0.110924"/>
</kw>
<kw name="Input Password" owner="SeleniumLibrary">
<msg time="2026-03-23T21:00:18.566989" level="INFO">Typing password into text field 'id=password'.</msg>
<msg time="2026-03-23T21:00:18.602247" level="INFO">Temporally setting log level to: NONE</msg>
<arg>id=password</arg>
<arg>${PASSWORD}</arg>
<doc>Types the given password into the text field identified by ``locator``.</doc>
<status status="PASS" start="2026-03-23T21:00:18.566653" elapsed="0.085954"/>
</kw>
<kw name="Click Button" owner="SeleniumLibrary">
<msg time="2026-03-23T21:00:18.653197" level="INFO">Clicking button 'id=login-button'.</msg>
<arg>id=login-button</arg>
<doc>Clicks the button identified by ``locator``.</doc>
<status status="PASS" start="2026-03-23T21:00:18.652980" elapsed="0.089706"/>
</kw>
<kw name="Page Should Contain" owner="SeleniumLibrary">
<msg time="2026-03-23T21:00:18.754483" level="INFO">Current page contains text 'Sauce Labs Backpack'.</msg>
<arg>Sauce Labs Backpack</arg>
<doc>Verifies that current page contains ``text``.</doc>
<status status="PASS" start="2026-03-23T21:00:18.743160" elapsed="0.011458"/>
</kw>
<kw name="Close Browser" owner="SeleniumLibrary">
<doc>Closes the current browser.</doc>
<status status="PASS" start="2026-03-23T21:00:18.755081" elapsed="2.154109"/>
</kw>
<status status="PASS" start="2026-03-23T21:00:16.277038" elapsed="4.632495"/>
</test>
<test id="s1-t9" name="TC_009_Agregar_Producto" line="63">
<kw name="Open Browser" owner="SeleniumLibrary">
<msg time="2026-03-23T21:00:20.910526" level="INFO">Opening browser 'chrome' to base url 'https://www.saucedemo.com/'.</msg>
<arg>${URL}</arg>
<arg>${BROWSER}</arg>
<doc>Opens a new browser instance to the optional ``url``.</doc>
<status status="PASS" start="2026-03-23T21:00:20.910319" elapsed="2.205496"/>
</kw>
<kw name="Input Text" owner="SeleniumLibrary">
<msg time="2026-03-23T21:00:23.116696" level="INFO">Typing text 'standard_user' into text field 'id=user-name'.</msg>
<arg>id=user-name</arg>
<arg>${USER}</arg>
<doc>Types the given ``text`` into the text field identified by ``locator``.</doc>
<status status="PASS" start="2026-03-23T21:00:23.116203" elapsed="0.104955"/>
</kw>
<kw name="Input Password" owner="SeleniumLibrary">
<msg time="2026-03-23T21:00:23.221904" level="INFO">Typing password into text field 'id=password'.</msg>
<msg time="2026-03-23T21:00:23.254247" level="INFO">Temporally setting log level to: NONE</msg>
<arg>id=password</arg>
<arg>${PASSWORD}</arg>
<doc>Types the given password into the text field identified by ``locator``.</doc>
<status status="PASS" start="2026-03-23T21:00:23.221551" elapsed="0.078927"/>
</kw>
<kw name="Click Button" owner="SeleniumLibrary">
<msg time="2026-03-23T21:00:23.300938" level="INFO">Clicking button 'id=login-button'.</msg>
<arg>id=login-button</arg>
<doc>Clicks the button identified by ``locator``.</doc>
<status status="PASS" start="2026-03-23T21:00:23.300764" elapsed="0.090288"/>
</kw>
<kw name="Click Button" owner="SeleniumLibrary">
<msg time="2026-03-23T21:00:23.391666" level="INFO">Clicking button 'id=add-to-cart-sauce-labs-backpack'.</msg>
<arg>id=add-to-cart-sauce-labs-backpack</arg>
<doc>Clicks the button identified by ``locator``.</doc>
<status status="PASS" start="2026-03-23T21:00:23.391434" elapsed="0.073318"/>
</kw>
<kw name="Page Should Contain Element" owner="SeleniumLibrary">
<msg time="2026-03-23T21:00:23.473499" level="INFO">Current page contains element 'class=shopping_cart_badge'.</msg>
<arg>class=shopping_cart_badge</arg>
<doc>Verifies that element ``locator`` is found on the current page.</doc>
<status status="PASS" start="2026-03-23T21:00:23.465129" elapsed="0.008459"/>
</kw>
<kw name="Close Browser" owner="SeleniumLibrary">
<doc>Closes the current browser.</doc>
<status status="PASS" start="2026-03-23T21:00:23.473937" elapsed="2.153085"/>
</kw>
<status status="PASS" start="2026-03-23T21:00:20.909985" elapsed="4.717300"/>
</test>
<test id="s1-t10" name="TC_010_Ver_Carrito" line="72">
<kw name="Open Browser" owner="SeleniumLibrary">
<msg time="2026-03-23T21:00:25.628290" level="INFO">Opening browser 'chrome' to base url 'https://www.saucedemo.com/'.</msg>
<arg>${URL}</arg>
<arg>${BROWSER}</arg>
<doc>Opens a new browser instance to the optional ``url``.</doc>
<status status="PASS" start="2026-03-23T21:00:25.628096" elapsed="2.215033"/>
</kw>
<kw name="Input Text" owner="SeleniumLibrary">
<msg time="2026-03-23T21:00:27.843673" level="INFO">Typing text 'standard_user' into text field 'id=user-name'.</msg>
<arg>id=user-name</arg>
<arg>${USER}</arg>
<doc>Types the given ``text`` into the text field identified by ``locator``.</doc>
<status status="PASS" start="2026-03-23T21:00:27.843436" elapsed="0.100675"/>
</kw>
<kw name="Input Password" owner="SeleniumLibrary">
<msg time="2026-03-23T21:00:27.944991" level="INFO">Typing password into text field 'id=password'.</msg>
<msg time="2026-03-23T21:00:27.978241" level="INFO">Temporally setting log level to: NONE</msg>
<arg>id=password</arg>
<arg>${PASSWORD}</arg>
<doc>Types the given password into the text field identified by ``locator``.</doc>
<status status="PASS" start="2026-03-23T21:00:27.944659" elapsed="0.081154"/>
</kw>
<kw name="Click Button" owner="SeleniumLibrary">
<msg time="2026-03-23T21:00:28.026582" level="INFO">Clicking button 'id=login-button'.</msg>
<arg>id=login-button</arg>
<doc>Clicks the button identified by ``locator``.</doc>
<status status="PASS" start="2026-03-23T21:00:28.026258" elapsed="0.095756"/>
</kw>
<kw name="Click Element" owner="SeleniumLibrary">
<msg time="2026-03-23T21:00:28.122562" level="INFO">Clicking element 'class=shopping_cart_link'.</msg>
<arg>class=shopping_cart_link</arg>
<doc>Click the element identified by ``locator``.</doc>
<status status="PASS" start="2026-03-23T21:00:28.122359" elapsed="0.064022"/>
</kw>
<kw name="Page Should Contain" owner="SeleniumLibrary">
<msg time="2026-03-23T21:00:28.214619" level="INFO">Current page contains text 'Your Cart'.</msg>
<arg>Your Cart</arg>
<doc>Verifies that current page contains ``text``.</doc>
<status status="PASS" start="2026-03-23T21:00:28.186723" elapsed="0.027992"/>
</kw>
<kw name="Close Browser" owner="SeleniumLibrary">
<doc>Closes the current browser.</doc>
<status status="PASS" start="2026-03-23T21:00:28.214980" elapsed="2.150670"/>
</kw>
<status status="PASS" start="2026-03-23T21:00:25.627746" elapsed="4.738249"/>
</test>
<status status="PASS" start="2026-03-23T20:59:42.254480" elapsed="48.112213"/>
</suite>
<statistics>
<total>
<stat pass="10" fail="0" skip="0">All Tests</stat>
</total>
<tag>
</tag>
<suite>
<stat name="Ejemplo" id="s1" pass="10" fail="0" skip="0">Ejemplo</stat>
</suite>
</statistics>
<errors>
</errors>
</robot>
